
> appy-gas-react-client@0.1.1 build
> react-scripts build

Creating an optimized production build...
Compiled with warnings.

[eslint] 
src\components\Auth\SignInForm.js
  Line 23:20:  'selectedValue' is assigned a value but never used  no-unused-vars

src\components\MainNavigation\MainNavagation.tsx
  Line 1:27:  'Router' is defined but never used  @typescript-eslint/no-unused-vars

src\pages\Dashboard\widgets\HubPrices\HubPrices.tsx
  Line 10:18:  'SelectChangeEvent' is defined but never used  @typescript-eslint/no-unused-vars
  Line 46:45:  'refetch' is assigned a value but never used   @typescript-eslint/no-unused-vars

Search for the keywords to learn more about each warning.
To ignore, add // eslint-disable-next-line to the line before.

File sizes after gzip:

  1.28 MB  build\static\js\main.58328d91.js
  1.79 kB  build\static\js\787.81a6adfd.chunk.js
  1.78 kB  build\static\css\main.dcf0bead.css

The bundle size is significantly larger than recommended.
Consider reducing it with code splitting: https://goo.gl/9VhYWB
You can also analyze the project dependencies: https://goo.gl/LeUzfb

The project was built assuming it is hosted at /.
You can control this with the homepage field in your package.json.

The build folder is ready to be deployed.
You may serve it with a static server:

  npm install -g serve
  serve -s build

Find out more about deployment here:

  https://cra.link/deployment

